2025-07-27T19:43:56.976Z Error: Run this command inside a project directory.
2025-07-27T19:43:56.976Z     at findProjectRootAsync (/data/data/com.termux/files/usr/lib/node_modules/eas-cli/build/commandUtils/context/contextUtils/findProjectDirAndVerifyProjectSetupAsync.js:68:19)
2025-07-27T19:43:56.976Z     at async findProjectDirAndVerifyProjectSetupAsync (/data/data/com.termux/files/usr/lib/node_modules/eas-cli/build/commandUtils/context/contextUtils/findProjectDirAndVerifyProjectSetupAsync.js:96:24)
2025-07-27T19:43:56.976Z     at async ProjectDirContextField.getValueAsync (/data/data/com.termux/files/usr/lib/node_modules/eas-cli/build/commandUtils/context/ProjectDirContextField.js:8:16)
2025-07-27T19:43:56.976Z     at async ProjectInit.getContextAsync (/data/data/com.termux/files/usr/lib/node_modules/eas-cli/build/commandUtils/EasCommand.js:139:17)
2025-07-27T19:43:56.976Z     at async ProjectInit.runAsync (/data/data/com.termux/files/usr/lib/node_modules/eas-cli/build/commands/project/init.js:294:69)
2025-07-27T19:43:56.976Z     at async ProjectInit.run (/data/data/com.termux/files/usr/lib/node_modules/eas-cli/build/commandUtils/EasCommand.js:168:16)
2025-07-27T19:43:56.976Z     at async ProjectInit._run (/data/data/com.termux/files/usr/lib/node_modules/eas-cli/node_modules/@oclif/core/lib/command.js:80:22)
2025-07-27T19:43:56.976Z     at async Config.runCommand (/data/data/com.termux/files/usr/lib/node_modules/eas-cli/node_modules/@oclif/core/lib/config/config.js:301:25)
2025-07-27T19:47:12.477Z Error: Run this command inside a project directory.
2025-07-27T19:47:12.477Z     at findProjectRootAsync (/data/data/com.termux/files/usr/lib/node_modules/eas-cli/build/commandUtils/context/contextUtils/findProjectDirAndVerifyProjectSetupAsync.js:68:19)
2025-07-27T19:47:12.477Z     at async findProjectDirAndVerifyProjectSetupAsync (/data/data/com.termux/files/usr/lib/node_modules/eas-cli/build/commandUtils/context/contextUtils/findProjectDirAndVerifyProjectSetupAsync.js:96:24)
2025-07-27T19:47:12.477Z     at async ProjectDirContextField.getValueAsync (/data/data/com.termux/files/usr/lib/node_modules/eas-cli/build/commandUtils/context/ProjectDirContextField.js:8:16)
2025-07-27T19:47:12.477Z     at async ProjectInit.getContextAsync (/data/data/com.termux/files/usr/lib/node_modules/eas-cli/build/commandUtils/EasCommand.js:139:17)
2025-07-27T19:47:12.477Z     at async ProjectInit.runAsync (/data/data/com.termux/files/usr/lib/node_modules/eas-cli/build/commands/project/init.js:294:69)
2025-07-27T19:47:12.477Z     at async ProjectInit.run (/data/data/com.termux/files/usr/lib/node_modules/eas-cli/build/commandUtils/EasCommand.js:168:16)
2025-07-27T19:47:12.477Z     at async ProjectInit._run (/data/data/com.termux/files/usr/lib/node_modules/eas-cli/node_modules/@oclif/core/lib/command.js:80:22)
2025-07-27T19:47:12.477Z     at async Config.runCommand (/data/data/com.termux/files/usr/lib/node_modules/eas-cli/node_modules/@oclif/core/lib/config/config.js:301:25)
2025-07-27T19:47:14.464Z Error: Run this command inside a project directory.
2025-07-27T19:47:14.464Z     at findProjectRootAsync (/data/data/com.termux/files/usr/lib/node_modules/eas-cli/build/commandUtils/context/contextUtils/findProjectDirAndVerifyProjectSetupAsync.js:68:19)
2025-07-27T19:47:14.464Z     at async findProjectDirAndVerifyProjectSetupAsync (/data/data/com.termux/files/usr/lib/node_modules/eas-cli/build/commandUtils/context/contextUtils/findProjectDirAndVerifyProjectSetupAsync.js:96:24)
2025-07-27T19:47:14.464Z     at async DynamicPublicProjectConfigContextField.getValueAsync (/data/data/com.termux/files/usr/lib/node_modules/eas-cli/build/commandUtils/context/DynamicProjectConfigContextField.js:13:28)
2025-07-27T19:47:14.464Z     at async Build.getContextAsync (/data/data/com.termux/files/usr/lib/node_modules/eas-cli/build/commandUtils/EasCommand.js:139:17)
2025-07-27T19:47:14.464Z     at async Build.runAsync (/data/data/com.termux/files/usr/lib/node_modules/eas-cli/build/commands/build/index.js:114:128)
2025-07-27T19:47:14.464Z     at async Build.run (/data/data/com.termux/files/usr/lib/node_modules/eas-cli/build/commandUtils/EasCommand.js:168:16)
2025-07-27T19:47:14.464Z     at async Build._run (/data/data/com.termux/files/usr/lib/node_modules/eas-cli/node_modules/@oclif/core/lib/command.js:80:22)
2025-07-27T19:47:14.464Z     at async Config.runCommand (/data/data/com.termux/files/usr/lib/node_modules/eas-cli/node_modules/@oclif/core/lib/config/config.js:301:25)
2025-07-27T20:12:52.648Z TypeError: Expected `concurrency` to be a number from 1 and up
2025-07-27T20:12:52.648Z     at pLimit (~/mobius-apk/node_modules/p-limit/index.js:6:9)
2025-07-27T20:12:52.648Z     at createFingerprintFromSourcesAsync (~/mobius-apk/node_modules/@expo/fingerprint/build/hash/Hash.js:27:43)
2025-07-27T20:12:52.648Z     at Object.createFingerprintAsync (~/mobius-apk/node_modules/@expo/fingerprint/build/Fingerprint.js:24:76)
2025-07-27T20:12:52.648Z     at async withTemporaryEnvAsync (/data/data/com.termux/files/usr/lib/node_modules/eas-cli/build/fingerprint/cli.js:78:16)
2025-07-27T20:12:52.648Z     at async createFingerprintWithoutLoggingAsync (/data/data/com.termux/files/usr/lib/node_modules/eas-cli/build/fingerprint/cli.js:72:12)
2025-07-27T20:12:52.648Z     at async createFingerprintAsync (/data/data/com.termux/files/usr/lib/node_modules/eas-cli/build/fingerprint/cli.js:36:29)
2025-07-27T20:12:52.648Z     at async computeAndMaybeUploadFingerprintWithoutExpoUpdatesAsync (/data/data/com.termux/files/usr/lib/node_modules/eas-cli/build/build/build.js:482:25)
2025-07-27T20:12:52.648Z     at async computeAndMaybeUploadRuntimeAndFingerprintMetadataAsync (/data/data/com.termux/files/usr/lib/node_modules/eas-cli/build/build/build.js:434:29)
2025-07-27T20:12:52.648Z     at async prepareBuildRequestForPlatformAsync (/data/data/com.termux/files/usr/lib/node_modules/eas-cli/build/build/build.js:86:43)
2025-07-27T20:24:40.656Z InvalidEasJsonError: eas.json is not valid.
2025-07-27T20:24:40.656Z - "build.android.workflow" is not allowed
2025-07-27T20:24:40.656Z - "build.android.concurrency" is not allowed
2025-07-27T20:24:40.656Z     at EasJsonAccessor.readAsync (/data/data/com.termux/files/usr/lib/node_modules/eas-cli/node_modules/@expo/eas-json/build/accessor.js:65:19)
2025-07-27T20:24:40.656Z     at async EasJsonUtils.getCliConfigAsync (/data/data/com.termux/files/usr/lib/node_modules/eas-cli/node_modules/@expo/eas-json/build/utils.js:59:29)
2025-07-27T20:24:40.656Z     at async applyCliConfigAsync (/data/data/com.termux/files/usr/lib/node_modules/eas-cli/build/commandUtils/context/contextUtils/findProjectDirAndVerifyProjectSetupAsync.js:18:20)
2025-07-27T20:24:40.656Z     at async findProjectDirAndVerifyProjectSetupAsync (/data/data/com.termux/files/usr/lib/node_modules/eas-cli/build/commandUtils/context/contextUtils/findProjectDirAndVerifyProjectSetupAsync.js:97:5)
2025-07-27T20:24:40.656Z     at async DynamicPublicProjectConfigContextField.getValueAsync (/data/data/com.termux/files/usr/lib/node_modules/eas-cli/build/commandUtils/context/DynamicProjectConfigContextField.js:13:28)
2025-07-27T20:24:40.656Z     at async Build.getContextAsync (/data/data/com.termux/files/usr/lib/node_modules/eas-cli/build/commandUtils/EasCommand.js:139:17)
2025-07-27T20:24:40.656Z     at async Build.runAsync (/data/data/com.termux/files/usr/lib/node_modules/eas-cli/build/commands/build/index.js:114:128)
2025-07-27T20:24:40.656Z     at async Build.run (/data/data/com.termux/files/usr/lib/node_modules/eas-cli/build/commandUtils/EasCommand.js:168:16)
2025-07-27T20:24:40.656Z     at async Build._run (/data/data/com.termux/files/usr/lib/node_modules/eas-cli/node_modules/@oclif/core/lib/command.js:80:22)
2025-07-27T20:24:40.656Z     at async Config.runCommand (/data/data/com.termux/files/usr/lib/node_modules/eas-cli/node_modules/@oclif/core/lib/config/config.js:301:25)
2025-07-27T20:37:51.159Z TypeError: Expected `concurrency` to be a number from 1 and up
2025-07-27T20:37:51.159Z     at pLimit (~/mobius-apk/node_modules/p-limit/index.js:6:9)
2025-07-27T20:37:51.159Z     at createFingerprintFromSourcesAsync (~/mobius-apk/node_modules/@expo/fingerprint/build/hash/Hash.js:27:43)
2025-07-27T20:37:51.159Z     at Object.createFingerprintAsync (~/mobius-apk/node_modules/@expo/fingerprint/build/Fingerprint.js:24:76)
2025-07-27T20:37:51.159Z     at async withTemporaryEnvAsync (/data/data/com.termux/files/usr/lib/node_modules/eas-cli/build/fingerprint/cli.js:78:16)
2025-07-27T20:37:51.159Z     at async createFingerprintWithoutLoggingAsync (/data/data/com.termux/files/usr/lib/node_modules/eas-cli/build/fingerprint/cli.js:72:12)
2025-07-27T20:37:51.159Z     at async createFingerprintAsync (/data/data/com.termux/files/usr/lib/node_modules/eas-cli/build/fingerprint/cli.js:36:29)
2025-07-27T20:37:51.159Z     at async computeAndMaybeUploadFingerprintWithoutExpoUpdatesAsync (/data/data/com.termux/files/usr/lib/node_modules/eas-cli/build/build/build.js:482:25)
2025-07-27T20:37:51.159Z     at async computeAndMaybeUploadRuntimeAndFingerprintMetadataAsync (/data/data/com.termux/files/usr/lib/node_modules/eas-cli/build/build/build.js:434:29)
2025-07-27T20:37:51.159Z     at async prepareBuildRequestForPlatformAsync (/data/data/com.termux/files/usr/lib/node_modules/eas-cli/build/build/build.js:86:43)
